101950?s=64&v=4 200 png Other 2.8kb 34ms
101950?s=32&v=4 200 png Other 1.2kb 34ms
11516302?s=64&v=4 200 jpeg Other 2.5kb 305ms
11516302?s=32&v=4 200 jpeg Other 1.3kb 307ms
2281088?s=64&v=4 200 jpeg Other 2.2kb 33ms
2281088?s=64&v=4 200 jpeg Other 2.2kb 33ms
2281088?s=64&v=4 200 jpeg Other 2.2kb 33ms
github.com 200 document Other 37.8kb 1.29s
light-5178aee0ee76.css 200 stylesheet (index) 4.8kb 54ms
primer-49141272cf08.css 200 stylesheet (index) 40.2kb 103ms
primer-49141272cf08.css 200 stylesheet (index) 40.2kb 63ms
indicator_check 200 fetch feature-preview-indicator.ts:24 3.6kb 375ms
primer-49141272cf08.css 200 stylesheet (index) 40.2kb 43ms
wp-runtime-7d20eb093ff8.js 200 script (index) 6.1kb 61ms
environment-042e0928c5ab.js 200 script (index) 6.0kb 60ms
universe22-logo.svg 200 svg+xml (index) 6.5kb 47ms
indicator_check 200 fetch feature-preview-indicator.ts:24 3.6kb 375ms
.favicon 404 icon 0kb 0ms
6311784?s=64&v=4 200 jpeg index.js:26 2.4kb 26ms
indicator_check 200 fetch feature-preview-indicator.ts:24 3.6kb 375ms
environment-042e0928c5ab.js 200 script (index) 6.0kb 60ms
